[2008-10-23 17:19:02] [INFO] Now logging to <file:///C:/Users/Root/AppData/Roaming/Mozilla/Firefox/Profiles/zoltarx/chatzilla/logs/poznan.ircnet.pl/channels/%23galaxy.2008-10-23.log>.
[2008-10-23 17:19:02] [INFO] Channel view for ``#galaxy'' opened.
[2008-10-23 17:19:02] === 2 - liczba niezarejestrowanych po³aczeñ
[2008-10-23 17:19:03] =-= User mode for zoltarx is now +i
[2008-10-23 17:19:03] *Global* [Wiadomo¶æ powitalna - Pa¼ 17 2008] Jesli znajdziesz jakas literowke w komunikatach od serwisow pisz na forum: https://forum.ircnet.pl/viewtopic.php?p=23904
[2008-10-23 17:19:06] -->| YOU (zoltarx) have joined #galaxy
[2008-10-23 17:19:06] =-= Topic for #galaxy is ``http://hasthelargehadroncolliderdestroyedtheworldyet.com/''
[2008-10-23 17:19:06] =-= Topic for #galaxy was set by ChanServ!service@services.ircnet.pl on 13 października 2008 23:03:25
[2008-10-23 17:19:06] *dziewica* [#galaxy] Guten Tag -_-
[2008-10-23 17:19:21] <zoltarx> :)
[2008-10-23 17:21:26] <Element> zoltarx: O,o
[2008-10-23 17:21:33] <Element> Ciebie sie nie spodziewa³em.
[2008-10-23 17:25:35] <zoltarx> heheh
[2008-10-23 17:25:41] <zoltarx> no, cóż...
[2008-10-23 17:25:57] === Element <element@bij-mnie.gwalc-mnie.i.szeptaj.mi.brzydkie.slowa.po.niemiecku> ``element''
[2008-10-23 17:25:57] === Element: member of #ul.sezamkowa, #emo, @#banned, #snuff, +#rpg, @#rock, and %#galaxy
[2008-10-23 17:25:57] === Element: attached to torun.ircnet.pl ``Toruñ, CenterNET''
[2008-10-23 17:25:57] --- End of WHOIS information for Element.
[2008-10-23 17:26:11] <Element> Nikt Cie nie kocha i pomyslales ze z nami posiedzisz?
[2008-10-23 17:26:33] <zoltarx> normalnie
[2008-10-23 17:26:41] <zoltarx> w idle gracie?
[2008-10-23 17:26:49] * Element nei gra
[2008-10-23 17:26:55] <Element> w ogole idlebot jeszcze zyje?
[2008-10-23 17:28:11] <zoltarx> no, powinien, o ile lander go odpali
[2008-10-23 17:49:33] <Element> ;E
[2008-10-23 18:02:11] [ERROR] Connection to irc://poznan.ircnet.pl/ (irc://poznan.ircnet.pl/) reset. [[Help][Get more information about this error online][faq connection.reset]]
[2008-10-23 18:02:26] [INFO] Connecting to irc://poznan.ircnet.pl/ (irc://poznan.ircnet.pl/)… [[Cancel][Cancel connecting to poznan.ircnet.pl][cancel]]
[2008-10-23 18:02:42] [INFO] Connecting to irc://poznan.ircnet.pl/ (irc://poznan.ircnet.pl/)… [[Cancel][Cancel connecting to poznan.ircnet.pl][cancel]]
[2008-10-23 18:03:12] [INFO] Connecting to irc://poznan.ircnet.pl/ (irc://poznan.ircnet.pl/)… [[Cancel][Cancel connecting to poznan.ircnet.pl][cancel]]
[2008-10-23 18:04:13] [INFO] Connecting to irc://poznan.ircnet.pl/ (irc://poznan.ircnet.pl/)… [[Cancel][Cancel connecting to poznan.ircnet.pl][cancel]]
[2008-10-23 18:06:13] [INFO] Connecting to irc://poznan.ircnet.pl/ (irc://poznan.ircnet.pl/)… [[Cancel][Cancel connecting to poznan.ircnet.pl][cancel]]
[2008-10-23 18:10:14] [INFO] Connecting to irc://poznan.ircnet.pl/ (irc://poznan.ircnet.pl/)… [[Cancel][Cancel connecting to poznan.ircnet.pl][cancel]]
[2008-10-23 18:18:15] [INFO] Connecting to irc://poznan.ircnet.pl/ (irc://poznan.ircnet.pl/)… [[Cancel][Cancel connecting to poznan.ircnet.pl][cancel]]
[2008-10-23 18:34:15] [INFO] Connecting to irc://poznan.ircnet.pl/ (irc://poznan.ircnet.pl/)… [[Cancel][Cancel connecting to poznan.ircnet.pl][cancel]]
[2008-10-23 19:06:16] [INFO] Connecting to irc://poznan.ircnet.pl/ (irc://poznan.ircnet.pl/)… [[Cancel][Cancel connecting to poznan.ircnet.pl][cancel]]
[2008-10-23 19:06:16] === *** Looking up your hostname...
[2008-10-23 19:06:16] === *** Checking Ident
[2008-10-23 19:06:20] === *** Couldn't look up your hostname
[2008-10-23 19:06:27] === *** No Ident response
[2008-10-23 19:06:27] === 103AAA9GN Twój unikalny ID
[2008-10-23 19:06:27] === 4 - liczba niezarejestrowanych po³aczeñ
[2008-10-23 19:06:28] =-= User mode for zoltarx is now +i
[2008-10-23 19:06:28] *Global* [Wiadomo¶æ powitalna - Pa¼ 17 2008] Jesli znajdziesz jakas literowke w komunikatach od serwisow pisz na forum: https://forum.ircnet.pl/viewtopic.php?p=23904
[2008-10-23 19:06:30] -->| YOU (zoltarx) have joined #galaxy
[2008-10-23 19:06:30] =-= Topic for #galaxy is ``http://hasthelargehadroncolliderdestroyedtheworldyet.com/''
[2008-10-23 19:06:30] =-= Topic for #galaxy was set by ChanServ!service@services.ircnet.pl on 13 października 2008 23:03:25
[2008-10-23 19:06:30] *dziewica* [#galaxy] Guten Tag -_-
[2008-10-23 19:06:41] <zoltarx> bujaj kasha
[2008-10-23 19:12:37] <Element> ssij 
[2008-10-23 20:41:58] -->| Desmond (~Miranda@aasx196.neoplus.adsl.tpnet.pl) has joined #galaxy
[2008-10-23 20:41:59] <Desmond> Elo dropsy!
[2008-10-23 20:42:29] <Desmond> yo
[2008-10-23 20:43:01] <Desmond> o kurde, widze awaria huba gg nie tylko mnie sciaga na irca
[2008-10-23 20:43:02] <kUrWaa> wrrrrrrrrrrr
[2008-10-23 20:48:30] === Unknown CTCP userinfo () from Desmond
[2008-10-23 20:50:05] <Element> ;d
[2008-10-23 20:50:14] <Element> gg dzia³a! :D
[2008-10-23 20:50:18] <Element> i ciagle dzia³±o
[2008-10-23 20:50:24] <Element> http://allegro.pl/item462219620_glany_100_skora_stalowy_nosek_roz_43.html
[2008-10-23 20:50:25] <kUrWaa> Element: link zostal skrocony - http://tinyurl.com/5ccxnp
[2008-10-23 20:50:25] =-= kUrWaa was booted from #galaxy by dziewica (Uwa¿aj co piszesz!)
[2008-10-23 20:50:26] -->| kUrWaa (~galaxior@212.14.9.60) has joined #galaxy
[2008-10-23 20:50:26] <Desmond> nie dzialalo :\
[2008-10-23 20:50:26] <Element> fajne sa
[2008-10-23 20:50:32] <Element> mi dzia³a³o 
[2008-10-23 20:50:35] <Desmond> wiesz, to zalezy od serwera
[2008-10-23 20:50:35] <Element> ;d
[2008-10-23 20:50:51] <Desmond> jak sprawdzalem to lezalo ich sporo
[2008-10-23 20:51:00] <Desmond> zreszta, olac
[2008-10-23 20:51:02] <Desmond> gg i tak smierdzi
[2008-10-23 20:51:12] <Desmond> kumpel z którym gadalem ma tez tlena
[2008-10-23 20:51:19] <Desmond> i lol nie raczyl go w³¹czyæ jak pad³o, 
[2008-10-23 20:59:48] [ERROR] The connection to irc://poznan.ircnet.pl/ (irc://poznan.ircnet.pl/) was aborted because you went into offline mode.
